
Дата и время запуска программы: 2022-12-05 13:20:08.743381
Название функции: hello_world
Аргументы: () и {}
Результат выполнения: Hello World

Дата и время запуска программы: 2022-12-05 13:20:08.744381
Название функции: summator
Аргументы: (2, 2) и {}
Результат выполнения: 4

Дата и время запуска программы: 2022-12-05 13:20:08.744381
Название функции: div
Аргументы: (6, 2) и {}
Результат выполнения: 3.0

Дата и время запуска программы: 2022-12-05 13:20:08.744381
Название функции: summator
Аргументы: (4.3,) и {'b': 2.2}
Результат выполнения: 6.5

Дата и время запуска программы: 2022-12-05 13:20:08.745381
Название функции: summator
Аргументы: () и {'a': 0, 'b': 0}
Результат выполнения: 0

Дата и время запуска программы: 2022-12-05 13:25:44.919609
Название функции: add_document
Аргументы: ([{'type': 'passport', 'number': '2207 876234', 'name': 'Василий Гупкин'}, {'type': 'invoice', 'number': '11', 'name': 'Геннадий Покемонов'}, {'type': 'insurance', 'number': '10006', 'name': 'Аристарх Павлов'}], {'1': ['2207 876234', '11', '5455 028765'], '2': ['10006'], '3': []}, 'ppp', '123', 'Al') и {}
Результат выполнения: None

Дата и время запуска программы: 2022-12-05 13:27:14.893755
Название функции: number_of_shelf
Аргументы: ({'1': ['2207 876234', '11', '5455 028765'], '2': ['10006', '123', '123'], '3': []}, '123') и {}
Результат выполнения: Этот документ находится на полке №2

Дата и время запуска программы: 2022-12-05 13:27:43.362384
Название функции: name_of_doc_owner
Аргументы: ([{'type': 'passport', 'number': '2207 876234', 'name': 'Василий Гупкин'}, {'type': 'invoice', 'number': '11', 'name': 'Геннадий Покемонов'}, {'type': 'insurance', 'number': '10006', 'name': 'Аристарх Павлов'}, {'type': 'ppp', 'number': '123', 'name': 'Al'}, {'type': 'ppp', 'number': '123', 'name': 'Al'}], '123') и {}
Результат выполнения: Владелец этого документа - Al

Дата и время запуска программы: 2022-12-05 13:25:11.871719
Название функции: main_function
Аргументы: ({'1': ['2207 876234', '11', '5455 028765'], '2': ['10006'], '3': []},) и {}
Результат выполнения: None
